<?xml version="1.0" encoding="UTF-8"?>
<!-- Generated by org.testng.reporters.JUnitReportReporter -->
<testsuite hostname="DESKTOP-NIE3BT5" failures="0" tests="1" name="com.test.qa.testcases.AddCategoryPageTest" time="15.683" errors="0" timestamp="05 Mar 2021 02:08:06 GMT" skipped="0">
  <testcase classname="com.test.qa.testcases.AddCategoryPageTest" name="addCategoryPageTest" time="15.683"/>
</testsuite> <!-- com.test.qa.testcases.AddCategoryPageTest -->
