<?xml version="1.0" encoding="UTF-8"?>
<!-- Generated by org.testng.reporters.JUnitReportReporter -->
<testsuite hostname="DESKTOP-NIE3BT5" failures="0" tests="1" name="com.test.qa.testcases.LogInPageTest" time="3.021" errors="0" timestamp="03 Mar 2021 11:38:22 GMT" skipped="0">
  <testcase classname="com.test.qa.testcases.LogInPageTest" name="loginPageTest" time="3.021"/>
</testsuite> <!-- com.test.qa.testcases.LogInPageTest -->
