<?xml version="1.0" encoding="UTF-8"?>
<!-- Generated by org.testng.reporters.JUnitReportReporter -->
<testsuite hostname="DESKTOP-NIE3BT5" failures="0" tests="1" name="com.test.qa.testcases.CreateAccountPageTest" time="3.884" errors="0" timestamp="03 Mar 2021 11:09:01 GMT" skipped="0">
  <testcase classname="com.test.qa.testcases.CreateAccountPageTest" name="createAccountPageTest" time="3.884"/>
</testsuite> <!-- com.test.qa.testcases.CreateAccountPageTest -->
